Microsoft (R) Macro Assembler Version 14.29.30139.0	    02/27/22 18:05:01
<Arrays, Addressing, and Stack-Passed Parameters     (Proj5_  Page 1 - 1


				TITLE Arrays, Addressing, and Stack-Passed Parameters     (Proj5_songeu.asm)

				; Author: Eugene Song
				; Last Modified: February 27, 2022
				; OSU email address: songeu@oregonstate.edu
				; Course number/section:   CS271 Section 400
				; Project Number: 5             Due Date: February 27, 2022
				; Description: This program will introduce the program and the author. Then it will provide a description
				;					of what the program will do. It will generate 200 random numbers between a range from
				;						10 through 29, sort the list, display the medium value, display the list in ascending 
				;							order and finally display the number of instances of each value in the list. 

				INCLUDE Irvine32.inc
			      C ; Include file for Irvine32.lib             (Irvine32.inc)
			      C 
			      C ;OPTION CASEMAP:NONE		; optional: make identifiers case-sensitive
			      C 
			      C INCLUDE SmallWin.inc		; MS-Windows prototypes, structures, and constants
			      C .NOLIST
			      C .LIST
			      C 
			      C INCLUDE VirtualKeys.inc
			      C ; VirtualKeys.inc
			      C .NOLIST
			      C .LIST
			      C 
			      C 
			      C .NOLIST
			      C .LIST
			      C 

 = 000000C8			ARRAYSIZE = 200
 = 0000000F			LO = 15
 = 00000032			HI = 50 



 00000000			.data

 00000000 54 68 65 20 42		intro1			BYTE	"The Birth of Sorted Random Integers! By Eugene...",13,10,13,10, 0
	   69 72 74 68 20
	   6F 66 20 53 6F
	   72 74 65 64 20
	   52 61 6E 64 6F
	   6D 20 49 6E 74
	   65 67 65 72 73
	   21 20 42 79 20
	   45 75 67 65 6E
	   65 2E 2E 2E 0D
	   0A 0D 0A 00
 00000036 54 68 69 73 20		intro2			BYTE	"This program's objective is to pump out 200 random integers from 15 through 50. It will display ",13,10
	   70 72 6F 67 72
	   61 6D 27 73 20
	   6F 62 6A 65 63
	   74 69 76 65 20
	   69 73 20 74 6F
	   20 70 75 6D 70
	   20 6F 75 74 20
	   32 30 30 20 72
	   61 6E 64 6F 6D
	   20 69 6E 74 65
	   67 65 72 73 20
	   66 72 6F 6D 20
	   31 35 20 74 68
	   72 6F 75 67 68
	   20 35 30 2E 20
	   49 74 20 77 69
	   6C 6C 20 64 69
	   73 70 6C 61 79
	   20 0D 0A
 00000098  61 6E 64 20 73						BYTE	"and sort the original list containing the integers, display its median value, then rearrange ",13,10
	   6F 72 74 20 74
	   68 65 20 6F 72
	   69 67 69 6E 61
	   6C 20 6C 69 73
	   74 20 63 6F 6E
	   74 61 69 6E 69
	   6E 67 20 74 68
	   65 20 69 6E 74
	   65 67 65 72 73
	   2C 20 64 69 73
	   70 6C 61 79 20
	   69 74 73 20 6D
	   65 64 69 61 6E
	   20 76 61 6C 75
	   65 2C 20 74 68
	   65 6E 20 72 65
	   61 72 72 61 6E
	   67 65 20 0D 0A
 000000F7  61 6E 64 20 6F						BYTE	"and output the list in ascending order and finally show the number of instances of each ",13,10 
	   75 74 70 75 74
	   20 74 68 65 20
	   6C 69 73 74 20
	   69 6E 20 61 73
	   63 65 6E 64 69
	   6E 67 20 6F 72
	   64 65 72 20 61
	   6E 64 20 66 69
	   6E 61 6C 6C 79
	   20 73 68 6F 77
	   20 74 68 65 20
	   6E 75 6D 62 65
	   72 20 6F 66 20
	   69 6E 73 74 61
	   6E 63 65 73 20
	   6F 66 20 65 61
	   63 68 20 0D 0A
 00000151  67 65 6E 65 72						BYTE	"generated value, starting with the number of 10s.",13,10,13,10,0
	   61 74 65 64 20
	   76 61 6C 75 65
	   2C 20 73 74 61
	   72 74 69 6E 67
	   20 77 69 74 68
	   20 74 68 65 20
	   6E 75 6D 62 65
	   72 20 6F 66 20
	   31 30 73 2E 0D
	   0A 0D 0A 00
 00000187 59 6F 75 72 20		unsorted_label	BYTE	"Your unsorted random numbers:",13,10, 0
	   75 6E 73 6F 72
	   74 65 64 20 72
	   61 6E 64 6F 6D
	   20 6E 75 6D 62
	   65 72 73 3A 0D
	   0A 00
 000001A7 54 68 65 20 6D		median_label	BYTE	"The median value of the array: ",0 
	   65 64 69 61 6E
	   20 76 61 6C 75
	   65 20 6F 66 20
	   74 68 65 20 61
	   72 72 61 79 3A
	   20 00
 000001C7 59 6F 75 72 20		sorted_label	BYTE	"Your sorted random numbers:", 13,10, 0 
	   73 6F 72 74 65
	   64 20 72 61 6E
	   64 6F 6D 20 6E
	   75 6D 62 65 72
	   73 3A 0D 0A 00
 000001E5 59 6F 75 72 20		instance_label	BYTE	"Your list of instances of each generated number, starting with the number of 15s:",13,10, 0
	   6C 69 73 74 20
	   6F 66 20 69 6E
	   73 74 61 6E 63
	   65 73 20 6F 66
	   20 65 61 63 68
	   20 67 65 6E 65
	   72 61 74 65 64
	   20 6E 75 6D 62
	   65 72 2C 20 73
	   74 61 72 74 69
	   6E 67 20 77 69
	   74 68 20 74 68
	   65 20 6E 75 6D
	   62 65 72 20 6F
	   66 20 31 35 73
	   3A 0D 0A 00
 00000239 47 6F 6F 64 62		farewell_msg	BYTE	"Goodbye and see you in Project 6!", 13,10, 0 
	   79 65 20 61 6E
	   64 20 73 65 65
	   20 79 6F 75 20
	   69 6E 20 50 72
	   6F 6A 65 63 74
	   20 36 21 0D 0A
	   00
 0000025D 20 00				space			BYTE	" ", 0 

 0000025F  000000C8 [			randArray		DWORD	ARRAYSIZE DUP (?)	
	    00000000
	   ]
 0000057F 000000C8			arrayCount		DWORD	LENGTHOF randArray	
 00000583 00000014			numPerLine		DWORD	20
 00000587  00000024 [			counts			DWORD	HI-LO+1 DUP(?)
	    00000000
	   ]
 00000617 00000024			countsCount		DWORD	LENGTHOF counts


 00000000			.code
 00000000			main PROC

 00000000  E8 00000000 E		CALL	Randomize				; plants random seed 
					
					; --------------------------
				    ; Introduces title of program, author, and objective. 
				    ; --------------------------
 00000005  68 00000000 R		PUSH	OFFSET intro1			
 0000000A  68 00000036 R		PUSH	OFFSET intro2			
 0000000F  E8 000000B4			CALL	introduction

					; --------------------------
				    ; Fills empty array, randArray, with random numbers using 
				    ;	RandomRange in any order.
				    ; --------------------------
 00000014  FF 35 0000057F R		PUSH	arrayCount			
 0000001A  68 0000025F R		PUSH	OFFSET randArray
 0000001F  E8 000000C1			CALL	fillArray

					; --------------------------
				    ; Displays the array of unsorted random numbers. The numbers are  
					;	printed onto a new line after every 20 numbers with a space
					;		in between each number.
				    ; --------------------------
 00000024  68 00000187 R		PUSH	OFFSET unsorted_label
 00000029  68 0000025F R		PUSH	OFFSET randArray
 0000002E  68 0000025D R		PUSH	OFFSET space
 00000033  FF 35 00000583 R		PUSH	numPerLine
 00000039  FF 35 0000057F R		PUSH	arrayCount
 0000003F  E8 000000E7			CALL	displayList
					
					; --------------------------
				    ; The array filled with random numbers is sorted using a   
					;	bubble-sort algorithm.
				    ; --------------------------
 00000044  68 0000025F R		PUSH	OFFSET randArray
 00000049  FF 35 0000057F R		PUSH	arrayCount
 0000004F  E8 00000120			CALL	sortList

					; --------------------------
				    ; Displays the median value of the sorted array. If there is an 
					;	even number of numbers, the average of the middle 
					;		two values with the inclusion of the round up 
					;			estimate is displayed. If odd, the middle number
					;				is displayed.
				    ; --------------------------
 00000054  68 000001A7 R		PUSH	OFFSET median_label
 00000059  68 0000025F R		PUSH	OFFSET randArray
 0000005E  E8 0000016C			CALL	displayMedian 

					; --------------------------
				    ; Displays the array of sorted random numbers. Again, the numbers   
					;	are printed onto a new line after every 20 numbers with a 
					;		space in between each number.
				    ; --------------------------
 00000063  68 000001C7 R		PUSH	OFFSET sorted_label
 00000068  68 0000025F R		PUSH	OFFSET randArray
 0000006D  68 0000025D R		PUSH	OFFSET space
 00000072  FF 35 00000583 R		PUSH	numPerLine
 00000078  FF 35 0000057F R		PUSH	arrayCount
 0000007E  E8 000000A8			CALL	displayList
					
					; --------------------------
				    ; Fills a second array, counts, with the number of occurrences of   
					;	each unique value in the sorted array. The numbers are printed 
					;		representing each number from LO through HI. 0 is also printed
					;			for values with no occurences. 
				    ; --------------------------
 00000083  68 0000025F R		PUSH	OFFSET randArray
 00000088  68 00000587 R		PUSH	OFFSET counts
 0000008D  E8 000001A4			CALL	countList 

					; --------------------------
				    ; Displays the array of occurrences for each unique value from  
					;	the sorted array. The numbers are also printed onto a new line 
					;		after every 20 numbers with a space in between each number.
				    ; --------------------------
 00000092  68 000001E5 R		PUSH	OFFSET instance_label
 00000097  68 00000587 R		PUSH	OFFSET counts
 0000009C  68 0000025D R		PUSH	OFFSET space
 000000A1  FF 35 00000583 R		PUSH	numPerLine
 000000A7  FF 35 00000617 R		PUSH	countsCount
 000000AD  E8 00000079			CALL	displayList
 000000B2  E8 00000000 E		CALL	CrLf

					; --------------------------
				    ; Displays a goodbye message.   
				    ; --------------------------
 000000B7  68 00000239 R		PUSH	OFFSET farewell_msg
 000000BC  E8 000001BD			CALL	goodBye
					
					Invoke ExitProcess,0
 000000C1  6A 00	   *	    push   +000000000h
 000000C3  E8 00000000 E   *	    call   ExitProcess
 000000C8			main ENDP

 000000C8			introduction PROC

 000000C8  55				PUSH	EBP						; Step 1) Preserve EBP
 000000C9  8B EC			MOV		EBP, ESP				; Step 2) Assign static stack-frame pointer

 000000CB  8B 54 24 0C			MOV		EDX, [ESP+12]			; move +12 bytes from ESP to grab intro1  [base + offset] 
 000000CF  E8 00000000 E		CALL	WriteString
 000000D4  33 D2			XOR		EDX, EDX
 000000D6  8B 54 24 08			MOV		EDX, [ESP+8]			; move +8 bytes from ESP to grab intro2	[base + offset]
 000000DA  E8 00000000 E		CALL	WriteString
 000000DF  33 D2			XOR		EDX, EDX
					
 000000E1  5D				POP		EBP						; POP EBP before RET
 000000E2  C2 0008			RET		8						; clears pre-call introduction parameters [stack pointer reset]

 000000E5			introduction ENDP

 000000E5			fillArray PROC

 000000E5  55				PUSH	EBP						
 000000E6  8B EC			MOV		EBP, ESP

 000000E8  33 C9			XOR		ECX, ECX

 000000EA			_loopMe:
 000000EA  B8 00000032			MOV		EAX, HI					; upper bound
 000000EF  83 C0 01			ADD		EAX, 1					; EAX + 1 to include upper range
 000000F2  E8 00000000 E		CALL	RandomRange				; takes EAX (upper); outputs new EAX 
 000000F7  BB 0000000F			MOV		EBX, LO
 000000FC  50				PUSH	EAX						; store seed value --> stack
 000000FD  B8 00000032			MOV		EAX, HI
 00000102  83 C0 01			ADD		EAX, 1					; to include upper range again
 00000105  2B C3			SUB		EAX, EBX				; upper - lower --> EAX

						; switch EAX / EBX to prepare for div
 00000107  8B D8			MOV		EBX, EAX
 00000109  58				POP		EAX						; popped off seed --> EAX 

						; EAX (seed) / EBX (upper-lower) at this point
 0000010A  33 D2			XOR		EDX, EDX
 0000010C  F7 F3			DIV		EBX						; randomNum = seed % (upper-lower) + lower

 0000010E  BB 0000000F			MOV		EBX, LO
 00000113  03 D3			ADD		EDX, EBX		

						; ------------ at this point, EDX has the randomNum btwn LO & HI -------------

 00000115  8B C2			MOV		EAX, EDX				; EAX has randomNum btwn LO & HI

					; store/fill in array
 00000117  8B 7C 24 08			MOV		EDI, [ESP+8]			; reference 1st address of randArray
 0000011B  89 04 8F			MOV		[EDI+ECX*4], EAX		; algorithm to store into each index of array 
 0000011E  8B 5C 24 0C			MOV		EBX, [ESP+12]			; move arrayCount --> EBX
 00000122  41				INC		ECX

					; compare to array length
 00000123  3B CB			CMP		ECX, EBX					
 00000125  75 C3			JNE		_loopMe					; if counter < array.length(randArray)

 00000127  5D				POP		EBP
 00000128  C2 000C			RET		12
						
 0000012B			fillArray ENDP

 0000012B			displayList PROC 

 0000012B  55				PUSH	EBP						
 0000012C  8B EC			MOV		EBP, ESP

					; STACK
					; --------------------------
					; POP EBP
					; RET ADDRESS
					; SIZE OF ARRAY
					; NUM PER LINE
					; OFFSET SPACE (" ")
					; OFFSET ARRAY
					; OFFSET LABEL

 0000012E  8B 54 24 18			MOV		EDX, [ESP+24]		
 00000132  E8 00000000 E		CALL	WriteString
 00000137  33 C9			XOR		ECX, ECX

 00000139  8B 7C 24 14			MOV		EDI, [ESP+20]			; reference ADDRESS of filled randArray into EDI

					; begin iterating through and printing each value of array
 0000013D			_displayLoop:
 0000013D  8B 04 8F			MOV		EAX, [EDI + ECX * 4]	; store each value of randArray into EAX to print
 00000140  E8 00000000 E		CALL	WriteDec
 00000145  8B 54 24 10			MOV		EDX, [ESP+16]			; create space after each number
 00000149  E8 00000000 E		CALL	WriteString

 0000014E  33 D2			XOR		EDX, EDX				; clear EDX to use in DIV

 00000150  41				INC		ECX						; increment counter each time num is displayed

					; insert new lines here 

 00000151  8B 5C 24 0C			MOV		EBX, [ESP+12]			; store numPerLine into EBX to use as divisor
													; compare numPerLine after printing first num
 00000155  8B C1			MOV		EAX, ECX 
 00000157  F7 F3			DIV		EBX
 00000159  83 FA 00			CMP		EDX, 0

 0000015C  75 05			JNE		_keepPrinting			; if remainder != 0 (IE...20 does not divide index of printed num) 
 0000015E  E8 00000000 E		CALL	CrLf

 00000163			_keepPrinting:
					; check whether # displayed is == length array

 00000163  8B 44 24 08			MOV		EAX, [ESP+8]
 00000167  3B C8			CMP		ECX, EAX
 00000169  75 D2			JNE		_displayLoop

 0000016B  5D				POP		EBP
 0000016C  E8 00000000 E		CALL	CrLf
 00000171  C2 0014			RET		20

 00000174			displayList	ENDP

 00000174			sortList PROC

					; BUBBLE SORT (n^2) 
					; NESTED LOOP

 00000174  55				PUSH	EBP						; Step 1) Preserve EBP
 00000175  8B EC			MOV		EBP, ESP				; Step 2) Assign static stack-frame pointer

 00000177  8B 4C 24 08			MOV		ECX, [ESP+8]			; store outer loop counter for bubble sort  
					
 0000017B			_outerLoop: ; do nothing except iterate through each index once 
					
 0000017B  8B 74 24 0C			MOV		ESI, [ESP+12]			; syntax: MOV ESI, source_address (reference of first value) 
 0000017F  8B D1			MOV		EDX, ECX				; stores ECX value into EDX 

 00000181  8B 4C 24 08			MOV		ECX, [ESP+8]			; reset ECX's value to 200 after each outer iteration

 00000185			_innerLoop:	

					; address of index 0 of filled array
 00000185  8B 06			MOV		EAX, [ESI]				; store first value into EAX to compare
 00000187  8B 5E 04			MOV		EBX, [ESI+4]			; store second value into EBX to compare

 0000018A  3B C3			CMP		EAX, EBX
 0000018C  7E 12			JLE		_goBackUp

					
 0000018E  56				PUSH	ESI						; push element one reference
 0000018F  83 C6 04			ADD		ESI,4
 00000192  56				PUSH	ESI						; push element two reference
 00000193  83 EE 04			SUB		ESI, 4					; reset value of ESI for inner loop
					
 00000196  89 1E			MOV		[ESI], EBX
 00000198  89 46 04			MOV		[ESI+4], EAX

					; swap elements
 0000019B  E8 00000012			CALL	exchangeElements
					
 000001A0			_goBackUp:

 000001A0  83 C6 04			ADD		ESI, 4					; increment by 4 memory addresses once nums have been checked
 000001A3  83 F9 01			CMP		ECX, 1h					; iterate (arraySize-1) times so I don't go out of array range
 000001A6  74 02			JE		_exitInner
 000001A8  E2 DB			LOOP	_innerLoop				

 000001AA			_exitInner:

 000001AA  8B CA			MOV		ECX, EDX
 000001AC  E2 CD			LOOP	_outerLoop

 000001AE  5D				POP		EBP
 000001AF  C2 0008			RET		8

 000001B2			sortList ENDP

 000001B2			exchangeElements PROC

 000001B2  55				PUSH	EBP							
 000001B3  8B EC			MOV		EBP, ESP					

 000001B5  8B 44 24 0C			MOV		EAX, [ESP+12]				; grab ESI location 
 000001B9  8B 5C 24 08			MOV		EBX, [ESP+8]				; grab ESI + 4 location 

				; turn EAX / EBX into their stack location's values 
 000001BD  50				PUSH	EAX
 000001BE  8B 03			MOV		EAX, [EBX]
 000001C0  5B				POP		EBX
 000001C1  50				PUSH	EAX
 000001C2  8B 03			MOV		EAX, [EBX]
 000001C4  5B				POP		EBX

				; swap the two values in registers
 000001C5  93				XCHG	EBX, EAX

				; store back into respective array slots
 000001C6  89 46 04			MOV		[ESI+4], EAX
 000001C9  89 1E			MOV		[ESI], EBX

 000001CB  5D				POP		EBP
 000001CC  C2 0008			RET		8
 000001CF			exchangeElements ENDP

 000001CF			displayMedian PROC

 000001CF  55				PUSH	EBP						
 000001D0  8B EC			MOV		EBP, ESP				

 000001D2  8B 55 0C			MOV		EDX, [EBP+12]			
 000001D5  E8 00000000 E		CALL	WriteString

					; check length of array size
 000001DA  33 D2			XOR		EDX, EDX				; clear EDX to use for div
 000001DC  B8 000000C8			MOV		EAX, ARRAYSIZE	
 000001E1  BB 00000002			MOV		EBX, 2
 000001E6  F7 F3			DIV		EBX						 

 000001E8  83 FA 00			CMP		EDX, 0
 000001EB  74 11			JE		_evenNum

					; do odd
 000001ED  33 D2			XOR		EDX, EDX
 000001EF  8B 7C 24 08			MOV		EDI, [ESP+8]			; reference 1st address of filled randArray into EDI
 000001F3  48				DEC		EAX
 000001F4  8B 04 87			MOV		EAX, [EDI + EAX * 4]	; move [4 x index number] places in the array (middle value since odd)
 000001F7  E8 00000000 E		CALL	WriteDec							
 000001FC  EB 2A			JMP		_finish

 000001FE			_evenNum:
					; do even
 000001FE  33 D2			XOR		EDX, EDX
 00000200  8B 7C 24 08			MOV		EDI, [ESP+8]			; reference 1st address of filled randArray into EDI
 00000204  50				PUSH	EAX
 00000205  48				DEC		EAX
 00000206  8B 04 87			MOV		EAX, [EDI + EAX * 4]	;  store (arrayCount / 2)-nth index value 
 00000209  5B				POP		EBX
 0000020A  8B 1C 9F			MOV		EBX, [EDI + EBX * 4]	; store (arrayCount / 2 + 1)- nth index value

 0000020D  03 C3			ADD		EAX, EBX 
 0000020F  BB 00000002			MOV		EBX, 2
 00000214  F7 F3			DIV		EBX

 00000216  83 FA 00			CMP		EDX, 0
 00000219  74 08			JE		_noAdd
 0000021B  40				INC		EAX						; half- round up here 
 0000021C  E8 00000000 E		CALL	WriteDec
 00000221  EB 05			JMP		_finish

 00000223			_noAdd:
 00000223  E8 00000000 E		CALL	WriteDec

 00000228			_finish:

 00000228  E8 00000000 E		CALL	CrLf
 0000022D  E8 00000000 E		CALL	CrLf
 00000232  5D				POP		EBP
 00000233  C2 0008			RET		8

 00000236			displayMedian ENDP

 00000236			countList PROC

 00000236  55				PUSH	EBP
 00000237  8B EC			MOV		EBP, ESP

 00000239  8B 7D 08			MOV		EDI, [EBP+8]					; reference countArray address 0 (EDI)
 0000023C  8B 75 0C			MOV		ESI, [EBP+12]					; reference randArray address 0 (ESI)			

 0000023F  BB 00000000			MOV		EBX, 0							
 00000244  53				PUSH	EBX
					
 00000245  B8 0000000F			MOV		EAX, LO
 0000024A  BB 00000000			MOV		EBX, 0							; initialize counter (EBX)
 0000024F  B9 00000000			MOV		ECX, 0					; # times I loop when checking occurence of each value

					; --------------------------------------------------------------------
				    ; Block of code to iterate through randArray and compare value
				    ;     of first element in EAX. If equal, increment counter. 
					;
				    ; --------------------------------------------------------------------

 00000254			_top:
 00000254  3B 04 8E			CMP		EAX, [ESI+ECX*4]

					; if EAX is equal to the value we check
 00000257  75 01			JNE		_middle
 00000259  43				INC		EBX								; counter++ if EAX == [ESI+ECX*4]
					
 0000025A			_middle:
					; block of code to replace EDI (counts array)

 0000025A  41				INC		ECX
 0000025B  81 F9 000000C8		CMP		ECX, ARRAYSIZE
 00000261  75 F1			JNE		_top							; check only from 0 through ARRAYCOUNT b/c [ESI] is index 0

 00000263  33 C9			XOR		ECX, ECX						; clear ECX since we've already looped thru entire randArray to check

					; code to store EBX (# of counts) into counts array
 00000265  59				POP		ECX
 00000266  89 1C 8F			MOV		[EDI+ECX*4], EBX				;each time <-- counter == # of indices 
 00000269  41				INC		ECX
 0000026A  51				PUSH	ECX

 0000026B			_nextNum:
 0000026B  40				INC		EAX								; holds LO through HI
 0000026C  33 DB			XOR		EBX, EBX						; clear EBX (counter) to use for next num 

 0000026E  33 D2			XOR		EDX, EDX
 00000270  BA 00000032			MOV		EDX, HI
 00000275  3B C2			CMP		EAX, EDX
 00000277  7E DB			JNG		_top							; or maybe _middle
															; use (jmp not greater) b/c INC EBX will 50 -> 51 then check 50 
 00000279			_finish:
 00000279  5B				POP		EBX
 0000027A  5D				POP		EBP
 0000027B  C2 0008			RET		8

 0000027E			countList ENDP

 0000027E			goodBye PROC

 0000027E  55				PUSH	EBP
 0000027F  8B EC			MOV		EBP, ESP

					; store farewell string into EDX
 00000281  33 D2			XOR		EDX, EDX
 00000283  8B 54 24 08			MOV		EDX, [ESP+8]
 00000287  E8 00000000 E		CALL	WriteString
					
 0000028C  5D				POP		EBP
 0000028D  C2 0004			RET		4

 00000290			goodBye ENDP

				END main
Microsoft (R) Macro Assembler Version 14.29.30139.0	    02/27/22 18:05:01
<Arrays, Addressing, and Stack-Passed Parameters     (Proj5_  Symbols 2 - 1




Structures and Unions:

                N a m e                  Size
                                         Offset      Type

CONSOLE_CURSOR_INFO  . . . . . .	 00000008
  dwSize . . . . . . . . . . . .	 00000000	 DWord
  bVisible . . . . . . . . . . .	 00000004	 DWord
CONSOLE_SCREEN_BUFFER_INFO . . .	 00000016
  dwSize . . . . . . . . . . . .	 00000000	 DWord
  dwCursorPosition . . . . . . .	 00000004	 DWord
  wAttributes  . . . . . . . . .	 00000008	 Word
  srWindow . . . . . . . . . . .	 0000000A	 QWord
  dwMaximumWindowSize  . . . . .	 00000012	 DWord
COORD  . . . . . . . . . . . . .	 00000004
  X  . . . . . . . . . . . . . .	 00000000	 Word
  Y  . . . . . . . . . . . . . .	 00000002	 Word
FILETIME . . . . . . . . . . . .	 00000008
  loDateTime . . . . . . . . . .	 00000000	 DWord
  hiDateTime . . . . . . . . . .	 00000004	 DWord
FOCUS_EVENT_RECORD . . . . . . .	 00000004
  bSetFocus  . . . . . . . . . .	 00000000	 DWord
FPU_ENVIRON  . . . . . . . . . .	 0000001C
  controlWord  . . . . . . . . .	 00000000	 Word
  statusWord . . . . . . . . . .	 00000004	 Word
  tagWord  . . . . . . . . . . .	 00000008	 Word
  instrPointerOffset . . . . . .	 0000000C	 DWord
  instrPointerSelector . . . . .	 00000010	 DWord
  operandPointerOffset . . . . .	 00000014	 DWord
  operandPointerSelector . . . .	 00000018	 Word
INPUT_RECORD . . . . . . . . . .	 00000014
  EventType  . . . . . . . . . .	 00000000	 Word
  Event  . . . . . . . . . . . .	 00000004	 XmmWord
  bKeyDown . . . . . . . . . . .	 00000000	 DWord
  wRepeatCount . . . . . . . . .	 00000004	 Word
  wVirtualKeyCode  . . . . . . .	 00000006	 Word
  wVirtualScanCode . . . . . . .	 00000008	 Word
  uChar  . . . . . . . . . . . .	 0000000A	 Word
  UnicodeChar  . . . . . . . . .	 00000000	 Word
  AsciiChar  . . . . . . . . . .	 00000000	 Byte
  dwControlKeyState  . . . . . .	 0000000C	 DWord
  dwMousePosition  . . . . . . .	 00000000	 DWord
  dwButtonState  . . . . . . . .	 00000004	 DWord
  dwMouseControlKeyState . . . .	 00000008	 DWord
  dwEventFlags . . . . . . . . .	 0000000C	 DWord
  dwSize . . . . . . . . . . . .	 00000000	 DWord
  dwCommandId  . . . . . . . . .	 00000000	 DWord
  bSetFocus  . . . . . . . . . .	 00000000	 DWord
KEY_EVENT_RECORD . . . . . . . .	 00000010
  bKeyDown . . . . . . . . . . .	 00000000	 DWord
  wRepeatCount . . . . . . . . .	 00000004	 Word
  wVirtualKeyCode  . . . . . . .	 00000006	 Word
  wVirtualScanCode . . . . . . .	 00000008	 Word
  uChar  . . . . . . . . . . . .	 0000000A	 Word
  UnicodeChar  . . . . . . . . .	 00000000	 Word
  AsciiChar  . . . . . . . . . .	 00000000	 Byte
  dwControlKeyState  . . . . . .	 0000000C	 DWord
MENU_EVENT_RECORD  . . . . . . .	 00000004
  dwCommandId  . . . . . . . . .	 00000000	 DWord
MOUSE_EVENT_RECORD . . . . . . .	 00000010
  dwMousePosition  . . . . . . .	 00000000	 DWord
  dwButtonState  . . . . . . . .	 00000004	 DWord
  dwMouseControlKeyState . . . .	 00000008	 DWord
  dwEventFlags . . . . . . . . .	 0000000C	 DWord
SMALL_RECT . . . . . . . . . . .	 00000008
  Left . . . . . . . . . . . . .	 00000000	 Word
  Top  . . . . . . . . . . . . .	 00000002	 Word
  Right  . . . . . . . . . . . .	 00000004	 Word
  Bottom . . . . . . . . . . . .	 00000006	 Word
SYSTEMTIME . . . . . . . . . . .	 00000010
  wYear  . . . . . . . . . . . .	 00000000	 Word
  wMonth . . . . . . . . . . . .	 00000002	 Word
  wDayOfWeek . . . . . . . . . .	 00000004	 Word
  wDay . . . . . . . . . . . . .	 00000006	 Word
  wHour  . . . . . . . . . . . .	 00000008	 Word
  wMinute  . . . . . . . . . . .	 0000000A	 Word
  wSecond  . . . . . . . . . . .	 0000000C	 Word
  wMilliseconds  . . . . . . . .	 0000000E	 Word
WINDOW_BUFFER_SIZE_RECORD  . . .	 00000004
  dwSize . . . . . . . . . . . .	 00000000	 DWord


Segments and Groups:

                N a m e                 Size     Length   Align   Combine Class

FLAT . . . . . . . . . . . . . .	GROUP
STACK  . . . . . . . . . . . . .	32 Bit	 00001000 Para	  Stack	  'STACK'	 
_DATA  . . . . . . . . . . . . .	32 Bit	 0000061B Para	  Public  'DATA'	
_TEXT  . . . . . . . . . . . . .	32 Bit	 00000290 Para	  Public  'CODE'	


Procedures, parameters, and locals:

                N a m e                 Type     Value    Attr

CloseFile  . . . . . . . . . . .	P Near	 00000000 FLAT	Length= 00000000 External STDCALL
CloseHandle  . . . . . . . . . .	P Near	 00000000 FLAT	Length= 00000000 External STDCALL
Clrscr . . . . . . . . . . . . .	P Near	 00000000 FLAT	Length= 00000000 External STDCALL
CreateFileA  . . . . . . . . . .	P Near	 00000000 FLAT	Length= 00000000 External STDCALL
CreateOutputFile . . . . . . . .	P Near	 00000000 FLAT	Length= 00000000 External STDCALL
Crlf . . . . . . . . . . . . . .	P Near	 00000000 FLAT	Length= 00000000 External STDCALL
Delay  . . . . . . . . . . . . .	P Near	 00000000 FLAT	Length= 00000000 External STDCALL
DumpMem  . . . . . . . . . . . .	P Near	 00000000 FLAT	Length= 00000000 External STDCALL
DumpRegs . . . . . . . . . . . .	P Near	 00000000 FLAT	Length= 00000000 External STDCALL
ExitProcess  . . . . . . . . . .	P Near	 00000000 FLAT	Length= 00000000 External STDCALL
FileTimeToDosDateTime  . . . . .	P Near	 00000000 FLAT	Length= 00000000 External STDCALL
FileTimeToSystemTime . . . . . .	P Near	 00000000 FLAT	Length= 00000000 External STDCALL
FlushConsoleInputBuffer  . . . .	P Near	 00000000 FLAT	Length= 00000000 External STDCALL
FormatMessageA . . . . . . . . .	P Near	 00000000 FLAT	Length= 00000000 External STDCALL
GetCommandLineA  . . . . . . . .	P Near	 00000000 FLAT	Length= 00000000 External STDCALL
GetCommandTail . . . . . . . . .	P Near	 00000000 FLAT	Length= 00000000 External STDCALL
GetConsoleCP . . . . . . . . . .	P Near	 00000000 FLAT	Length= 00000000 External STDCALL
GetConsoleCursorInfo . . . . . .	P Near	 00000000 FLAT	Length= 00000000 External STDCALL
GetConsoleMode . . . . . . . . .	P Near	 00000000 FLAT	Length= 00000000 External STDCALL
GetConsoleScreenBufferInfo . . .	P Near	 00000000 FLAT	Length= 00000000 External STDCALL
GetDateTime  . . . . . . . . . .	P Near	 00000000 FLAT	Length= 00000000 External STDCALL
GetFileTime  . . . . . . . . . .	P Near	 00000000 FLAT	Length= 00000000 External STDCALL
GetKeyState  . . . . . . . . . .	P Near	 00000000 FLAT	Length= 00000000 External STDCALL
GetLastError . . . . . . . . . .	P Near	 00000000 FLAT	Length= 00000000 External STDCALL
GetLocalTime . . . . . . . . . .	P Near	 00000000 FLAT	Length= 00000000 External STDCALL
GetMaxXY . . . . . . . . . . . .	P Near	 00000000 FLAT	Length= 00000000 External STDCALL
GetMseconds  . . . . . . . . . .	P Near	 00000000 FLAT	Length= 00000000 External STDCALL
GetNumberOfConsoleInputEvents  .	P Near	 00000000 FLAT	Length= 00000000 External STDCALL
GetProcessHeap . . . . . . . . .	P Near	 00000000 FLAT	Length= 00000000 External STDCALL
GetStdHandle . . . . . . . . . .	P Near	 00000000 FLAT	Length= 00000000 External STDCALL
GetSystemTime  . . . . . . . . .	P Near	 00000000 FLAT	Length= 00000000 External STDCALL
GetTextColor . . . . . . . . . .	P Near	 00000000 FLAT	Length= 00000000 External STDCALL
GetTickCount . . . . . . . . . .	P Near	 00000000 FLAT	Length= 00000000 External STDCALL
Gotoxy . . . . . . . . . . . . .	P Near	 00000000 FLAT	Length= 00000000 External STDCALL
HeapAlloc  . . . . . . . . . . .	P Near	 00000000 FLAT	Length= 00000000 External STDCALL
HeapCreate . . . . . . . . . . .	P Near	 00000000 FLAT	Length= 00000000 External STDCALL
HeapDestroy  . . . . . . . . . .	P Near	 00000000 FLAT	Length= 00000000 External STDCALL
HeapFree . . . . . . . . . . . .	P Near	 00000000 FLAT	Length= 00000000 External STDCALL
HeapSize . . . . . . . . . . . .	P Near	 00000000 FLAT	Length= 00000000 External STDCALL
IsDigit  . . . . . . . . . . . .	P Near	 00000000 FLAT	Length= 00000000 External STDCALL
LocalFree  . . . . . . . . . . .	P Near	 00000000 FLAT	Length= 00000000 External STDCALL
MessageBoxA  . . . . . . . . . .	P Near	 00000000 FLAT	Length= 00000000 External STDCALL
MsgBoxAsk  . . . . . . . . . . .	P Near	 00000000 FLAT	Length= 00000000 External STDCALL
MsgBox . . . . . . . . . . . . .	P Near	 00000000 FLAT	Length= 00000000 External STDCALL
OpenInputFile  . . . . . . . . .	P Near	 00000000 FLAT	Length= 00000000 External STDCALL
ParseDecimal32 . . . . . . . . .	P Near	 00000000 FLAT	Length= 00000000 External STDCALL
ParseInteger32 . . . . . . . . .	P Near	 00000000 FLAT	Length= 00000000 External STDCALL
PeekConsoleInputA  . . . . . . .	P Near	 00000000 FLAT	Length= 00000000 External STDCALL
Random32 . . . . . . . . . . . .	P Near	 00000000 FLAT	Length= 00000000 External STDCALL
RandomRange  . . . . . . . . . .	P Near	 00000000 FLAT	Length= 00000000 External STDCALL
Randomize  . . . . . . . . . . .	P Near	 00000000 FLAT	Length= 00000000 External STDCALL
ReadChar . . . . . . . . . . . .	P Near	 00000000 FLAT	Length= 00000000 External STDCALL
ReadConsoleA . . . . . . . . . .	P Near	 00000000 FLAT	Length= 00000000 External STDCALL
ReadConsoleInputA  . . . . . . .	P Near	 00000000 FLAT	Length= 00000000 External STDCALL
ReadDec  . . . . . . . . . . . .	P Near	 00000000 FLAT	Length= 00000000 External STDCALL
ReadFile . . . . . . . . . . . .	P Near	 00000000 FLAT	Length= 00000000 External STDCALL
ReadFloat  . . . . . . . . . . .	P Near	 00000000 FLAT	Length= 00000000 External STDCALL
ReadFromFile . . . . . . . . . .	P Near	 00000000 FLAT	Length= 00000000 External STDCALL
ReadHex  . . . . . . . . . . . .	P Near	 00000000 FLAT	Length= 00000000 External STDCALL
ReadInt  . . . . . . . . . . . .	P Near	 00000000 FLAT	Length= 00000000 External STDCALL
ReadKeyFlush . . . . . . . . . .	P Near	 00000000 FLAT	Length= 00000000 External STDCALL
ReadKey  . . . . . . . . . . . .	P Near	 00000000 FLAT	Length= 00000000 External STDCALL
ReadString . . . . . . . . . . .	P Near	 00000000 FLAT	Length= 00000000 External STDCALL
SetConsoleCursorInfo . . . . . .	P Near	 00000000 FLAT	Length= 00000000 External STDCALL
SetConsoleCursorPosition . . . .	P Near	 00000000 FLAT	Length= 00000000 External STDCALL
SetConsoleMode . . . . . . . . .	P Near	 00000000 FLAT	Length= 00000000 External STDCALL
SetConsoleScreenBufferSize . . .	P Near	 00000000 FLAT	Length= 00000000 External STDCALL
SetConsoleTextAttribute  . . . .	P Near	 00000000 FLAT	Length= 00000000 External STDCALL
SetConsoleTitleA . . . . . . . .	P Near	 00000000 FLAT	Length= 00000000 External STDCALL
SetConsoleWindowInfo . . . . . .	P Near	 00000000 FLAT	Length= 00000000 External STDCALL
SetFilePointer . . . . . . . . .	P Near	 00000000 FLAT	Length= 00000000 External STDCALL
SetLocalTime . . . . . . . . . .	P Near	 00000000 FLAT	Length= 00000000 External STDCALL
SetTextColor . . . . . . . . . .	P Near	 00000000 FLAT	Length= 00000000 External STDCALL
ShowFPUStack . . . . . . . . . .	P Near	 00000000 FLAT	Length= 00000000 External STDCALL
Sleep  . . . . . . . . . . . . .	P Near	 00000000 FLAT	Length= 00000000 External STDCALL
StrLength  . . . . . . . . . . .	P Near	 00000000 FLAT	Length= 00000000 External STDCALL
Str_compare  . . . . . . . . . .	P Near	 00000000 FLAT	Length= 00000000 External STDCALL
Str_copy . . . . . . . . . . . .	P Near	 00000000 FLAT	Length= 00000000 External STDCALL
Str_length . . . . . . . . . . .	P Near	 00000000 FLAT	Length= 00000000 External STDCALL
Str_trim . . . . . . . . . . . .	P Near	 00000000 FLAT	Length= 00000000 External STDCALL
Str_ucase  . . . . . . . . . . .	P Near	 00000000 FLAT	Length= 00000000 External STDCALL
SystemTimeToFileTime . . . . . .	P Near	 00000000 FLAT	Length= 00000000 External STDCALL
WaitMsg  . . . . . . . . . . . .	P Near	 00000000 FLAT	Length= 00000000 External STDCALL
WriteBinB  . . . . . . . . . . .	P Near	 00000000 FLAT	Length= 00000000 External STDCALL
WriteBin . . . . . . . . . . . .	P Near	 00000000 FLAT	Length= 00000000 External STDCALL
WriteChar  . . . . . . . . . . .	P Near	 00000000 FLAT	Length= 00000000 External STDCALL
WriteConsoleA  . . . . . . . . .	P Near	 00000000 FLAT	Length= 00000000 External STDCALL
WriteConsoleOutputAttribute  . .	P Near	 00000000 FLAT	Length= 00000000 External STDCALL
WriteConsoleOutputCharacterA . .	P Near	 00000000 FLAT	Length= 00000000 External STDCALL
WriteDec . . . . . . . . . . . .	P Near	 00000000 FLAT	Length= 00000000 External STDCALL
WriteFile  . . . . . . . . . . .	P Near	 00000000 FLAT	Length= 00000000 External STDCALL
WriteFloat . . . . . . . . . . .	P Near	 00000000 FLAT	Length= 00000000 External STDCALL
WriteHexB  . . . . . . . . . . .	P Near	 00000000 FLAT	Length= 00000000 External STDCALL
WriteHex . . . . . . . . . . . .	P Near	 00000000 FLAT	Length= 00000000 External STDCALL
WriteInt . . . . . . . . . . . .	P Near	 00000000 FLAT	Length= 00000000 External STDCALL
WriteStackFrameName  . . . . . .	P Near	 00000000 FLAT	Length= 00000000 External STDCALL
WriteStackFrame  . . . . . . . .	P Near	 00000000 FLAT	Length= 00000000 External STDCALL
WriteString  . . . . . . . . . .	P Near	 00000000 FLAT	Length= 00000000 External STDCALL
WriteToFile  . . . . . . . . . .	P Near	 00000000 FLAT	Length= 00000000 External STDCALL
WriteWindowsMsg  . . . . . . . .	P Near	 00000000 FLAT	Length= 00000000 External STDCALL
countList  . . . . . . . . . . .	P Near	 00000236 _TEXT	Length= 00000048 Public STDCALL
  _top . . . . . . . . . . . . .	L Near	 00000254 _TEXT	
  _middle  . . . . . . . . . . .	L Near	 0000025A _TEXT	
  _nextNum . . . . . . . . . . .	L Near	 0000026B _TEXT	
  _finish  . . . . . . . . . . .	L Near	 00000279 _TEXT	
displayList  . . . . . . . . . .	P Near	 0000012B _TEXT	Length= 00000049 Public STDCALL
  _displayLoop . . . . . . . . .	L Near	 0000013D _TEXT	
  _keepPrinting  . . . . . . . .	L Near	 00000163 _TEXT	
displayMedian  . . . . . . . . .	P Near	 000001CF _TEXT	Length= 00000067 Public STDCALL
  _evenNum . . . . . . . . . . .	L Near	 000001FE _TEXT	
  _noAdd . . . . . . . . . . . .	L Near	 00000223 _TEXT	
  _finish  . . . . . . . . . . .	L Near	 00000228 _TEXT	
exchangeElements . . . . . . . .	P Near	 000001B2 _TEXT	Length= 0000001D Public STDCALL
fillArray  . . . . . . . . . . .	P Near	 000000E5 _TEXT	Length= 00000046 Public STDCALL
  _loopMe  . . . . . . . . . . .	L Near	 000000EA _TEXT	
goodBye  . . . . . . . . . . . .	P Near	 0000027E _TEXT	Length= 00000012 Public STDCALL
introduction . . . . . . . . . .	P Near	 000000C8 _TEXT	Length= 0000001D Public STDCALL
main . . . . . . . . . . . . . .	P Near	 00000000 _TEXT	Length= 000000C8 Public STDCALL
printf . . . . . . . . . . . . .	P Near	 00000000 FLAT	Length= 00000000 External C
scanf  . . . . . . . . . . . . .	P Near	 00000000 FLAT	Length= 00000000 External C
sortList . . . . . . . . . . . .	P Near	 00000174 _TEXT	Length= 0000003E Public STDCALL
  _outerLoop . . . . . . . . . .	L Near	 0000017B _TEXT	
  _innerLoop . . . . . . . . . .	L Near	 00000185 _TEXT	
  _goBackUp  . . . . . . . . . .	L Near	 000001A0 _TEXT	
  _exitInner . . . . . . . . . .	L Near	 000001AA _TEXT	
wsprintfA  . . . . . . . . . . .	P Near	 00000000 FLAT	Length= 00000000 External C


Symbols:

                N a m e                 Type     Value    Attr

@CodeSize  . . . . . . . . . . .	Number	 00000000h   
@DataSize  . . . . . . . . . . .	Number	 00000000h   
@Interface . . . . . . . . . . .	Number	 00000003h   
@Model . . . . . . . . . . . . .	Number	 00000007h   
@code  . . . . . . . . . . . . .	Text   	 _TEXT
@data  . . . . . . . . . . . . .	Text   	 FLAT
@fardata?  . . . . . . . . . . .	Text   	 FLAT
@fardata . . . . . . . . . . . .	Text   	 FLAT
@stack . . . . . . . . . . . . .	Text   	 FLAT
ALT_MASK . . . . . . . . . . . .	Number	 00000003h   
ARRAYSIZE  . . . . . . . . . . .	Number	 000000C8h   
CAPSLOCK_ON  . . . . . . . . . .	Number	 00000080h   
CREATE_ALWAYS  . . . . . . . . .	Number	 00000002h   
CREATE_NEW . . . . . . . . . . .	Number	 00000001h   
CTRL_MASK  . . . . . . . . . . .	Number	 0000000Ch   
CreateFile . . . . . . . . . . .	Text   	 CreateFileA
DO_NOT_SHARE . . . . . . . . . .	Number	 00000000h   
ENABLE_ECHO_INPUT  . . . . . . .	Number	 00000004h   
ENABLE_LINE_INPUT  . . . . . . .	Number	 00000002h   
ENABLE_MOUSE_INPUT . . . . . . .	Number	 00000010h   
ENABLE_PROCESSED_INPUT . . . . .	Number	 00000001h   
ENABLE_PROCESSED_OUTPUT  . . . .	Number	 00000001h   
ENABLE_WINDOW_INPUT  . . . . . .	Number	 00000008h   
ENABLE_WRAP_AT_EOL_OUTPUT  . . .	Number	 00000002h   
ENHANCED_KEY . . . . . . . . . .	Number	 00000100h   
FALSE  . . . . . . . . . . . . .	Number	 00000000h   
FILE_APPEND_DATA . . . . . . . .	Number	 00000004h   
FILE_ATTRIBUTE_ARCHIVE . . . . .	Number	 00000020h   
FILE_ATTRIBUTE_COMPRESSED  . . .	Number	 00000800h   
FILE_ATTRIBUTE_DEVICE  . . . . .	Number	 00000040h   
FILE_ATTRIBUTE_DIRECTORY . . . .	Number	 00000010h   
FILE_ATTRIBUTE_ENCRYPTED . . . .	Number	 00004000h   
FILE_ATTRIBUTE_HIDDEN  . . . . .	Number	 00000002h   
FILE_ATTRIBUTE_NORMAL  . . . . .	Number	 00000080h   
FILE_ATTRIBUTE_NOT_CONTENT_INDEXED .	Number	 00002000h   
FILE_ATTRIBUTE_OFFLINE . . . . .	Number	 00001000h   
FILE_ATTRIBUTE_READONLY  . . . .	Number	 00000001h   
FILE_ATTRIBUTE_REPARSE_POINT . .	Number	 00000400h   
FILE_ATTRIBUTE_SPARSE_FILE . . .	Number	 00000200h   
FILE_ATTRIBUTE_SYSTEM  . . . . .	Number	 00000004h   
FILE_ATTRIBUTE_TEMPORARY . . . .	Number	 00000100h   
FILE_BEGIN . . . . . . . . . . .	Number	 00000000h   
FILE_CURRENT . . . . . . . . . .	Number	 00000001h   
FILE_DELETE_CHILD  . . . . . . .	Number	 00000040h   
FILE_END . . . . . . . . . . . .	Number	 00000002h   
FILE_READ_DATA . . . . . . . . .	Number	 00000001h   
FILE_SHARE_DELETE  . . . . . . .	Number	 00000004h   
FILE_SHARE_READ  . . . . . . . .	Number	 00000001h   
FILE_SHARE_WRITE . . . . . . . .	Number	 00000002h   
FILE_WRITE_DATA  . . . . . . . .	Number	 00000002h   
FOCUS_EVENT  . . . . . . . . . .	Number	 00000010h   
FORMAT_MESSAGE_ALLOCATE_BUFFER .	Number	 00000100h   
FORMAT_MESSAGE_FROM_SYSTEM . . .	Number	 00001000h   
FormatMessage  . . . . . . . . .	Text   	 FormatMessageA
GENERIC_ALL  . . . . . . . . . .	Number	 10000000h   
GENERIC_EXECUTE  . . . . . . . .	Number	 20000000h   
GENERIC_READ . . . . . . . . . .	Number	 -80000000h   
GENERIC_WRITE  . . . . . . . . .	Number	 40000000h   
GetCommandLine . . . . . . . . .	Text   	 GetCommandLineA
HANDLE . . . . . . . . . . . . .	Text   	 DWORD
HEAP_GENERATE_EXCEPTIONS . . . .	Number	 00000004h   
HEAP_GROWABLE  . . . . . . . . .	Number	 00000002h   
HEAP_NO_SERIALIZE  . . . . . . .	Number	 00000001h   
HEAP_REALLOC_IN_PLACE_ONLY . . .	Number	 00000010h   
HEAP_ZERO_MEMORY . . . . . . . .	Number	 00000008h   
HI . . . . . . . . . . . . . . .	Number	 00000032h   
IDABORT  . . . . . . . . . . . .	Number	 00000003h   
IDCANCEL . . . . . . . . . . . .	Number	 00000002h   
IDCLOSE  . . . . . . . . . . . .	Number	 00000008h   
IDCONTINUE . . . . . . . . . . .	Number	 0000000Bh   
IDHELP . . . . . . . . . . . . .	Number	 00000009h   
IDIGNORE . . . . . . . . . . . .	Number	 00000005h   
IDNO . . . . . . . . . . . . . .	Number	 00000007h   
IDOK . . . . . . . . . . . . . .	Number	 00000001h   
IDRETRY  . . . . . . . . . . . .	Number	 00000004h   
IDTIMEOUT  . . . . . . . . . . .	Number	 00007D00h   
IDTRYAGAIN . . . . . . . . . . .	Number	 0000000Ah   
IDYES  . . . . . . . . . . . . .	Number	 00000006h   
INVALID_HANDLE_VALUE . . . . . .	Number	 -00000001h   
KBDOWN_FLAG  . . . . . . . . . .	Number	 00000001h   
KEY_EVENT  . . . . . . . . . . .	Number	 00000001h   
KEY_MASKS  . . . . . . . . . . .	Number	 0000001Fh   
LEFT_ALT_PRESSED . . . . . . . .	Number	 00000002h   
LEFT_CTRL_PRESSED  . . . . . . .	Number	 00000008h   
LO . . . . . . . . . . . . . . .	Number	 0000000Fh   
MB_ABORTRETRYIGNORE  . . . . . .	Number	 00000002h   
MB_APPLMODAL . . . . . . . . . .	Number	 00000000h   
MB_CANCELTRYCONTINUE . . . . . .	Number	 00000006h   
MB_DEFBUTTON1  . . . . . . . . .	Number	 00000000h   
MB_DEFBUTTON2  . . . . . . . . .	Number	 00000100h   
MB_DEFBUTTON3  . . . . . . . . .	Number	 00000200h   
MB_DEFBUTTON4  . . . . . . . . .	Number	 00000300h   
MB_HELP  . . . . . . . . . . . .	Number	 00004000h   
MB_ICONASTERISK  . . . . . . . .	Number	 00000040h   
MB_ICONERROR . . . . . . . . . .	Number	 00000010h   
MB_ICONEXCLAMATION . . . . . . .	Number	 00000030h   
MB_ICONHAND  . . . . . . . . . .	Number	 00000010h   
MB_ICONINFORMATION . . . . . . .	Number	 00000040h   
MB_ICONQUESTION  . . . . . . . .	Number	 00000020h   
MB_ICONSTOP  . . . . . . . . . .	Number	 00000010h   
MB_ICONWARNING . . . . . . . . .	Number	 00000030h   
MB_OKCANCEL  . . . . . . . . . .	Number	 00000001h   
MB_OK  . . . . . . . . . . . . .	Number	 00000000h   
MB_RETRYCANCEL . . . . . . . . .	Number	 00000005h   
MB_SYSTEMMODAL . . . . . . . . .	Number	 00001000h   
MB_TASKMODAL . . . . . . . . . .	Number	 00002000h   
MB_USERICON  . . . . . . . . . .	Number	 00000080h   
MB_YESNOCANCEL . . . . . . . . .	Number	 00000003h   
MB_YESNO . . . . . . . . . . . .	Number	 00000004h   
MENU_EVENT . . . . . . . . . . .	Number	 00000008h   
MOUSE_EVENT  . . . . . . . . . .	Number	 00000002h   
MessageBox . . . . . . . . . . .	Text   	 MessageBoxA
NULL . . . . . . . . . . . . . .	Number	 00000000h   
NUMLOCK_ON . . . . . . . . . . .	Number	 00000020h   
OPEN_ALWAYS  . . . . . . . . . .	Number	 00000004h   
OPEN_EXISTING  . . . . . . . . .	Number	 00000003h   
PeekConsoleInput . . . . . . . .	Text   	 PeekConsoleInputA
RIGHT_ALT_PRESSED  . . . . . . .	Number	 00000001h   
RIGHT_CTRL_PRESSED . . . . . . .	Number	 00000004h   
ReadConsoleInput . . . . . . . .	Text   	 ReadConsoleInputA
ReadConsole  . . . . . . . . . .	Text   	 ReadConsoleA
SCROLLLOCK_ON  . . . . . . . . .	Number	 00000040h   
SHIFT_MASK . . . . . . . . . . .	Number	 00000010h   
SHIFT_PRESSED  . . . . . . . . .	Number	 00000010h   
STD_ERROR_HANDLE . . . . . . . .	Number	 -0000000Ch   
STD_INPUT_HANDLE . . . . . . . .	Number	 -0000000Ah   
STD_OUTPUT_HANDLE  . . . . . . .	Number	 -0000000Bh   
SetConsoleTitle  . . . . . . . .	Text   	 SetConsoleTitleA
TAB  . . . . . . . . . . . . . .	Number	 00000009h   
TRUE . . . . . . . . . . . . . .	Number	 00000001h   
TRUNCATE_EXISTING  . . . . . . .	Number	 00000005h   
VK_11  . . . . . . . . . . . . .	Number	 000000BDh   
VK_12  . . . . . . . . . . . . .	Number	 000000BBh   
VK_ADD . . . . . . . . . . . . .	Number	 0000006Bh   
VK_BACK  . . . . . . . . . . . .	Number	 00000008h   
VK_CANCEL  . . . . . . . . . . .	Number	 00000003h   
VK_CAPITAL . . . . . . . . . . .	Number	 00000014h   
VK_CLEAR . . . . . . . . . . . .	Number	 0000000Ch   
VK_CONTROL . . . . . . . . . . .	Number	 00000011h   
VK_DECIMAL . . . . . . . . . . .	Number	 0000006Eh   
VK_DELETE  . . . . . . . . . . .	Number	 0000002Eh   
VK_DIVIDE  . . . . . . . . . . .	Number	 0000006Fh   
VK_DOWN  . . . . . . . . . . . .	Number	 00000028h   
VK_END . . . . . . . . . . . . .	Number	 00000023h   
VK_ESCAPE  . . . . . . . . . . .	Number	 0000001Bh   
VK_EXECUTE . . . . . . . . . . .	Number	 0000002Bh   
VK_F10 . . . . . . . . . . . . .	Number	 00000079h   
VK_F11 . . . . . . . . . . . . .	Number	 0000007Ah   
VK_F12 . . . . . . . . . . . . .	Number	 0000007Bh   
VK_F13 . . . . . . . . . . . . .	Number	 0000007Ch   
VK_F14 . . . . . . . . . . . . .	Number	 0000007Dh   
VK_F15 . . . . . . . . . . . . .	Number	 0000007Eh   
VK_F16 . . . . . . . . . . . . .	Number	 0000007Fh   
VK_F17 . . . . . . . . . . . . .	Number	 00000080h   
VK_F18 . . . . . . . . . . . . .	Number	 00000081h   
VK_F19 . . . . . . . . . . . . .	Number	 00000082h   
VK_F1  . . . . . . . . . . . . .	Number	 00000070h   
VK_F20 . . . . . . . . . . . . .	Number	 00000083h   
VK_F21 . . . . . . . . . . . . .	Number	 00000084h   
VK_F22 . . . . . . . . . . . . .	Number	 00000085h   
VK_F23 . . . . . . . . . . . . .	Number	 00000086h   
VK_F24 . . . . . . . . . . . . .	Number	 00000087h   
VK_F2  . . . . . . . . . . . . .	Number	 00000071h   
VK_F3  . . . . . . . . . . . . .	Number	 00000072h   
VK_F4  . . . . . . . . . . . . .	Number	 00000073h   
VK_F5  . . . . . . . . . . . . .	Number	 00000074h   
VK_F6  . . . . . . . . . . . . .	Number	 00000075h   
VK_F7  . . . . . . . . . . . . .	Number	 00000076h   
VK_F8  . . . . . . . . . . . . .	Number	 00000077h   
VK_F9  . . . . . . . . . . . . .	Number	 00000078h   
VK_HELP  . . . . . . . . . . . .	Number	 0000002Fh   
VK_HOME  . . . . . . . . . . . .	Number	 00000024h   
VK_INSERT  . . . . . . . . . . .	Number	 0000002Dh   
VK_LBUTTON . . . . . . . . . . .	Number	 00000001h   
VK_LCONTROL  . . . . . . . . . .	Number	 000000A2h   
VK_LEFT  . . . . . . . . . . . .	Number	 00000025h   
VK_LMENU . . . . . . . . . . . .	Number	 000000A4h   
VK_LSHIFT  . . . . . . . . . . .	Number	 000000A0h   
VK_MENU  . . . . . . . . . . . .	Number	 00000012h   
VK_MULTIPLY  . . . . . . . . . .	Number	 0000006Ah   
VK_NEXT  . . . . . . . . . . . .	Number	 00000022h   
VK_NUMLOCK . . . . . . . . . . .	Number	 00000090h   
VK_NUMPAD0 . . . . . . . . . . .	Number	 00000060h   
VK_NUMPAD1 . . . . . . . . . . .	Number	 00000061h   
VK_NUMPAD2 . . . . . . . . . . .	Number	 00000062h   
VK_NUMPAD3 . . . . . . . . . . .	Number	 00000063h   
VK_NUMPAD4 . . . . . . . . . . .	Number	 00000064h   
VK_NUMPAD5 . . . . . . . . . . .	Number	 00000065h   
VK_NUMPAD6 . . . . . . . . . . .	Number	 00000066h   
VK_NUMPAD7 . . . . . . . . . . .	Number	 00000067h   
VK_NUMPAD8 . . . . . . . . . . .	Number	 00000068h   
VK_NUMPAD9 . . . . . . . . . . .	Number	 00000069h   
VK_PAUSE . . . . . . . . . . . .	Number	 00000013h   
VK_PRINT . . . . . . . . . . . .	Number	 0000002Ah   
VK_PRIOR . . . . . . . . . . . .	Number	 00000021h   
VK_RBUTTON . . . . . . . . . . .	Number	 00000002h   
VK_RCONTROL  . . . . . . . . . .	Number	 000000A3h   
VK_RETURN  . . . . . . . . . . .	Number	 0000000Dh   
VK_RIGHT . . . . . . . . . . . .	Number	 00000027h   
VK_RMENU . . . . . . . . . . . .	Number	 000000A5h   
VK_RSHIFT  . . . . . . . . . . .	Number	 000000A1h   
VK_SCROLL  . . . . . . . . . . .	Number	 00000091h   
VK_SEPARATER . . . . . . . . . .	Number	 0000006Ch   
VK_SHIFT . . . . . . . . . . . .	Number	 00000010h   
VK_SNAPSHOT  . . . . . . . . . .	Number	 0000002Ch   
VK_SPACE . . . . . . . . . . . .	Number	 00000020h   
VK_SUBTRACT  . . . . . . . . . .	Number	 0000006Dh   
VK_TAB . . . . . . . . . . . . .	Number	 00000009h   
VK_UP  . . . . . . . . . . . . .	Number	 00000026h   
WINDOW_BUFFER_SIZE_EVENT . . . .	Number	 00000004h   
WriteConsoleOutputCharacter  . .	Text   	 WriteConsoleOutputCharacterA
WriteConsole . . . . . . . . . .	Text   	 WriteConsoleA
arrayCount . . . . . . . . . . .	DWord	 0000057F _DATA	
black  . . . . . . . . . . . . .	Number	 00000000h   
blue . . . . . . . . . . . . . .	Number	 00000001h   
brown  . . . . . . . . . . . . .	Number	 00000006h   
countsCount  . . . . . . . . . .	DWord	 00000617 _DATA	
counts . . . . . . . . . . . . .	DWord	 00000587 _DATA	
cyan . . . . . . . . . . . . . .	Number	 00000003h   
exit . . . . . . . . . . . . . .	Text   	 INVOKE ExitProcess,0
farewell_msg . . . . . . . . . .	Byte	 00000239 _DATA	
gray . . . . . . . . . . . . . .	Number	 00000008h   
green  . . . . . . . . . . . . .	Number	 00000002h   
instance_label . . . . . . . . .	Byte	 000001E5 _DATA	
intro1 . . . . . . . . . . . . .	Byte	 00000000 _DATA	
intro2 . . . . . . . . . . . . .	Byte	 00000036 _DATA	
lightBlue  . . . . . . . . . . .	Number	 00000009h   
lightCyan  . . . . . . . . . . .	Number	 0000000Bh   
lightGray  . . . . . . . . . . .	Number	 00000007h   
lightGreen . . . . . . . . . . .	Number	 0000000Ah   
lightMagenta . . . . . . . . . .	Number	 0000000Dh   
lightRed . . . . . . . . . . . .	Number	 0000000Ch   
magenta  . . . . . . . . . . . .	Number	 00000005h   
median_label . . . . . . . . . .	Byte	 000001A7 _DATA	
numPerLine . . . . . . . . . . .	DWord	 00000583 _DATA	
randArray  . . . . . . . . . . .	DWord	 0000025F _DATA	
red  . . . . . . . . . . . . . .	Number	 00000004h   
sorted_label . . . . . . . . . .	Byte	 000001C7 _DATA	
space  . . . . . . . . . . . . .	Byte	 0000025D _DATA	
unsorted_label . . . . . . . . .	Byte	 00000187 _DATA	
white  . . . . . . . . . . . . .	Number	 0000000Fh   
wsprintf . . . . . . . . . . . .	Text   	 wsprintfA
yellow . . . . . . . . . . . . .	Number	 0000000Eh   

	   0 Warnings
	   0 Errors
